<?xml version="1.0" encoding="UTF-8"?>
<!-- Generated by org.testng.reporters.JUnitXMLReporter -->
<testsuite ignored="0" hostname="aadya-Latitude-E7450" failures="0" tests="3" name="Default test" time="6.837" errors="0" timestamp="2023-07-01T17:04:32 IST">
  <testcase classname="TestPkg.Basic_GETPOSTusingBDD" name="test_get_using_BDD" time="3.892"/>
  <testcase classname="TestPkg.Basic_GETPOSTusingBDD" name="test_post_using_JSONObject" time="0.458"/>
  <testcase classname="TestPkg.Basic_GETPOSTusingBDD" name="test_post_using_java_maps" time="1.238"/>
</testsuite> <!-- Default test -->
