<?xml version="1.0" encoding="UTF-8"?>
<!-- Generated by org.testng.reporters.JUnitXMLReporter -->
<testsuite ignored="0" hostname="aadya-Latitude-E7450" failures="0" tests="7" name="Command line test" time="7.47" errors="0" timestamp="2023-06-30T23:57:56 IST">
  <testcase classname="TestPkg.Basic_PUT_PATCH" name="test_PUT_PATCH_DELETE" time="2.931"/>
  <testcase classname="TestPkg.Basicget" name="test_verify_response_statuscode" time="0.132"/>
  <testcase classname="TestPkg.Basicget" name="test_verify_get_response_header" time="0.152"/>
  <testcase classname="TestPkg.Basicget" name="test_verify_get_response_body" time="1.249"/>
  <testcase classname="TestPkg.Basic_GETPOSTusingBDD" name="test_get_using_BDD" time="0.477"/>
  <testcase classname="TestPkg.Basic_GETPOSTusingBDD" name="test_post_using_JSONObject" time="0.426"/>
  <testcase classname="TestPkg.Basic_GETPOSTusingBDD" name="test_post_using_java_maps" time="0.973"/>
</testsuite> <!-- Command line test -->
