<?xml version="1.0" encoding="UTF-8"?>
<testng-results ignored="0" total="1" passed="1" failed="0" skipped="0">
  <reporter-output>
  </reporter-output>
  <suite started-at="2023-06-30T23:58:25 IST" name="pkg1.NewTest" finished-at="2023-06-30T23:58:28 IST" duration-ms="3285">
    <groups>
    </groups>
    <test started-at="2023-06-30T23:58:25 IST" name="Command line test" finished-at="2023-06-30T23:58:28 IST" duration-ms="3285">
      <class name="pkg1.NewTest">
        <test-method signature="test_f1()[pri:0, instance:pkg1.NewTest@71a794e5]" started-at="2023-06-30T23:58:25 IST" name="test_f1" finished-at="2023-06-30T23:58:28 IST" duration-ms="3191" status="PASS">
          <reporter-output>
          </reporter-output>
        </test-method> <!-- test_f1 -->
      </class> <!-- pkg1.NewTest -->
    </test> <!-- Command line test -->
  </suite> <!-- pkg1.NewTest -->
</testng-results>
