<?xml version="1.0" encoding="UTF-8"?>
<testng-results ignored="0" total="3" passed="3" failed="0" skipped="0">
  <reporter-output>
  </reporter-output>
  <suite started-at="2023-07-01T17:04:25 IST" name="Default suite" finished-at="2023-07-01T17:04:32 IST" duration-ms="6837">
    <groups>
    </groups>
    <test started-at="2023-07-01T17:04:25 IST" name="Default test" finished-at="2023-07-01T17:04:32 IST" duration-ms="6837">
      <class name="TestPkg.Basic_GETPOSTusingBDD">
        <test-method is-config="true" signature="test_beforemethod()[pri:0, instance:TestPkg.Basic_GETPOSTusingBDD@7c711375]" started-at="2023-07-01T17:04:25 IST" name="test_beforemethod" finished-at="2023-07-01T17:04:26 IST" duration-ms="1012" status="PASS">
          <reporter-output>
          </reporter-output>
        </test-method> <!-- test_beforemethod -->
        <test-method signature="test_get_using_BDD()[pri:0, instance:TestPkg.Basic_GETPOSTusingBDD@7c711375]" started-at="2023-07-01T17:04:26 IST" name="test_get_using_BDD" finished-at="2023-07-01T17:04:30 IST" duration-ms="3892" status="PASS">
          <reporter-output>
          </reporter-output>
        </test-method> <!-- test_get_using_BDD -->
        <test-method is-config="true" signature="test_beforemethod()[pri:0, instance:TestPkg.Basic_GETPOSTusingBDD@7c711375]" started-at="2023-07-01T17:04:30 IST" name="test_beforemethod" finished-at="2023-07-01T17:04:30 IST" duration-ms="1" status="PASS">
          <reporter-output>
          </reporter-output>
        </test-method> <!-- test_beforemethod -->
        <test-method signature="test_post_using_JSONObject()[pri:0, instance:TestPkg.Basic_GETPOSTusingBDD@7c711375]" started-at="2023-07-01T17:04:30 IST" name="test_post_using_JSONObject" finished-at="2023-07-01T17:04:30 IST" duration-ms="458" status="PASS">
          <reporter-output>
          </reporter-output>
        </test-method> <!-- test_post_using_JSONObject -->
        <test-method is-config="true" signature="test_beforemethod()[pri:0, instance:TestPkg.Basic_GETPOSTusingBDD@7c711375]" started-at="2023-07-01T17:04:30 IST" name="test_beforemethod" finished-at="2023-07-01T17:04:30 IST" duration-ms="1" status="PASS">
          <reporter-output>
          </reporter-output>
        </test-method> <!-- test_beforemethod -->
        <test-method signature="test_post_using_java_maps()[pri:0, instance:TestPkg.Basic_GETPOSTusingBDD@7c711375]" started-at="2023-07-01T17:04:30 IST" name="test_post_using_java_maps" finished-at="2023-07-01T17:04:32 IST" duration-ms="1238" status="PASS">
          <reporter-output>
          </reporter-output>
        </test-method> <!-- test_post_using_java_maps -->
      </class> <!-- TestPkg.Basic_GETPOSTusingBDD -->
    </test> <!-- Default test -->
  </suite> <!-- Default suite -->
</testng-results>
